<?xml version="1.0" encoding="UTF-8"?>
<!-- Generated by org.testng.reporters.JUnitReportReporter -->
<testsuite skipped="0" hostname="L-AH787883" name="Project.assignment" tests="5" failures="0" timestamp="08 Feb 2019 02:51:51 GMT" time="356.405" errors="0">
  <testcase name="testcase3" time="49.845" classname="Project.assignment"/>
  <testcase name="testcase4" time="67.867" classname="Project.assignment"/>
  <testcase name="testcase1" time="79.077" classname="Project.assignment"/>
  <testcase name="testcase5" time="121.942" classname="Project.assignment"/>
  <testcase name="testcase2" time="37.674" classname="Project.assignment"/>
</testsuite> <!-- Project.assignment -->
